<?xml version="1.0" encoding="UTF-8"?>
<!-- Generated by org.testng.reporters.JUnitReportReporter -->
<testsuite hostname="DESKTOP-HTLAL2F" failures="0" tests="1" name="vtiger.practice.CreateOrgTest" time="161.690" errors="0" timestamp="2023-07-17T20:22:36 IST" skipped="0">
  <testcase classname="vtiger.practice.CreateOrgTest" name="createOrgs" time="161.690"/>
  <system-out/>
</testsuite> <!-- vtiger.practice.CreateOrgTest -->
